<?xml version="1.0" encoding="UTF-8" ?>
<testsuite errors="0" failures="1" hostname="Sriman-PC" name="com.wcp.util.CalculatorTest" tests="1" time="0.109" timestamp="2015-02-21T14:58:25">
  <properties>
[...]
</properties>
  <testcase classname="com.wcp.util.CalculatorTest" name="testAdd" time="0.016">
    <failure message="expected:&lt;20&gt; but was:&lt;30&gt;" type="junit.framework.AssertionFailedError">junit.framework.AssertionFailedError: expected:&lt;20&gt; but was:&lt;30&gt;
	at com.wcp.util.CalculatorTest.testAdd(Unknown Source)
	at org.eclipse.ant.internal.launching.remote.EclipseDefaultExecutor.executeTargets(EclipseDefaultExecutor.java:32)
	at org.eclipse.ant.internal.launching.remote.InternalAntRunner.run(InternalAntRunner.java:424)
	at org.eclipse.ant.internal.launching.remote.InternalAntRunner.main(InternalAntRunner.java:138)
</failure>
  </testcase>
  <system-out><![CDATA[]]></system-out>
  <system-err><![CDATA[]]></system-err>
</testsuite>
